Build started 20-03-2015 13:59:38.
     1>Project "C:\Users\Anshul\Documents\GitHub\CppCodes\Trees\Trees\Trees.vcxproj" on node 2 (Build target(s)).
     1>ClCompile:
         C:\Program Files (x86)\Microsoft Visual Studio 12.0\VC\bin\CL.exe /c /ZI /nologo /W3 /WX- /sdl /Od /Oy- /D _MBCS /Gm /EHsc /RTC1 /MDd /GS /fp:precise /Zc:wchar_t /Zc:forScope /Fo"Debug\\" /Fd"Debug\vc120.pdb" /Gd /TP /analyze- /errorReport:prompt LevelOrderTraversal.cpp ZigZagTraversal.cpp
         ZigZagTraversal.cpp
         LevelOrderTraversal.cpp
         Generating Code...
       Link:
         C:\Program Files (x86)\Microsoft Visual Studio 12.0\VC\bin\link.exe /ERRORREPORT:PROMPT /OUT:"C:\Users\Anshul\Documents\GitHub\CppCodes\Trees\Debug\Trees.exe" /INCREMENTAL /NOLOGO kernel32.lib user32.lib gdi32.lib winspool.lib comdlg32.lib advapi32.lib shell32.lib ole32.lib oleaut32.lib uuid.lib odbc32.lib odbccp32.lib /MANIFEST /MANIFESTUAC:"level='asInvoker' uiAccess='false'" /manifest:embed /DEBUG /PDB:"C:\Users\Anshul\Documents\GitHub\CppCodes\Trees\Debug\Trees.pdb" /TLBID:1 /DYNAMICBASE /NXCOMPAT /IMPLIB:"C:\Users\Anshul\Documents\GitHub\CppCodes\Trees\Debug\Trees.lib" /MACHINE:X86 Debug\BinarySearchTree.obj
         Debug\BinaryTree.obj
         Debug\CheckBalanced.obj
         Debug\CheckFullTree.obj
         Debug\ClosestNodeInBST.obj
         Debug\CommonAncestor.obj
         Debug\LevelOrderTraversal.obj
         Debug\ZigZagTraversal.obj
         Trees.vcxproj -> C:\Users\Anshul\Documents\GitHub\CppCodes\Trees\Debug\Trees.exe
     1>Done Building Project "C:\Users\Anshul\Documents\GitHub\CppCodes\Trees\Trees\Trees.vcxproj" (Build target(s)).

Build succeeded.

Time Elapsed 00:00:01.82
